  [1m[36m (29.3ms)[0m  [1mCREATE TABLE `schema_migrations` (`version` varchar(255) NOT NULL) ENGINE=InnoDB[0m
  [1m[35m (22.5ms)[0m  CREATE UNIQUE INDEX `unique_schema_migrations`  ON `schema_migrations` (`version`) 
  [1m[36mActiveRecord::SchemaMigration Load (0.6ms)[0m  [1mSELECT `schema_migrations`.* FROM `schema_migrations`[0m
Migrating to CreateGames (20161007041952)
  [1m[35m (26.3ms)[0m  CREATE TABLE `games` (`id` int(11) auto_increment PRIMARY KEY, `created_at` datetime NOT NULL, `updated_at` datetime NOT NULL) ENGINE=InnoDB
  [1m[36m (0.2ms)[0m  [1mBEGIN[0m
  [1m[35mSQL (1.3ms)[0m  INSERT INTO `schema_migrations` (`version`) VALUES ('20161007041952')
  [1m[36m (1.1ms)[0m  [1mCOMMIT[0m
Migrating to CreatePlayers (20161007042002)
  [1m[35m (11.3ms)[0m  CREATE TABLE `players` (`id` int(11) auto_increment PRIMARY KEY, `created_at` datetime NOT NULL, `updated_at` datetime NOT NULL) ENGINE=InnoDB
  [1m[36m (0.1ms)[0m  [1mBEGIN[0m
  [1m[35mSQL (0.6ms)[0m  INSERT INTO `schema_migrations` (`version`) VALUES ('20161007042002')
  [1m[36m (0.3ms)[0m  [1mCOMMIT[0m
Migrating to CreateMoveSequences (20161007044053)
  [1m[35m (8.6ms)[0m  CREATE TABLE `move_sequences` (`id` int(11) auto_increment PRIMARY KEY, `created_at` datetime NOT NULL, `updated_at` datetime NOT NULL) ENGINE=InnoDB
  [1m[36m (0.1ms)[0m  [1mBEGIN[0m
  [1m[35mSQL (0.2ms)[0m  INSERT INTO `schema_migrations` (`version`) VALUES ('20161007044053')
  [1m[36m (0.3ms)[0m  [1mCOMMIT[0m
Migrating to CreateWords (20161007045004)
  [1m[35m (9.6ms)[0m  CREATE TABLE `words` (`id` int(11) auto_increment PRIMARY KEY, `created_at` datetime NOT NULL, `updated_at` datetime NOT NULL) ENGINE=InnoDB
  [1m[36m (0.1ms)[0m  [1mBEGIN[0m
  [1m[35mSQL (0.4ms)[0m  INSERT INTO `schema_migrations` (`version`) VALUES ('20161007045004')
  [1m[36m (0.4ms)[0m  [1mCOMMIT[0m
Migrating to CreateGrids (20161007051841)
  [1m[35m (13.3ms)[0m  CREATE TABLE `grids` (`id` int(11) auto_increment PRIMARY KEY, `created_at` datetime NOT NULL, `updated_at` datetime NOT NULL) ENGINE=InnoDB
  [1m[36m (0.2ms)[0m  [1mBEGIN[0m
  [1m[35mSQL (0.4ms)[0m  INSERT INTO `schema_migrations` (`version`) VALUES ('20161007051841')
  [1m[36m (0.4ms)[0m  [1mCOMMIT[0m
  [1m[35mActiveRecord::SchemaMigration Load (0.5ms)[0m  SELECT `schema_migrations`.* FROM `schema_migrations`
  [1m[36m (2.9ms)[0m  [1mSELECT fk.referenced_table_name as 'to_table'
      ,fk.referenced_column_name as 'primary_key'
      ,fk.column_name as 'column'
      ,fk.constraint_name as 'name'
FROM information_schema.key_column_usage fk
WHERE fk.referenced_column_name is not null
  AND fk.table_schema = 'db/development.gserver'
  AND fk.table_name = 'games'
[0m
  [1m[35m (0.1ms)[0m  SHOW CREATE TABLE `games`
  [1m[36m (0.2ms)[0m  [1mSELECT fk.referenced_table_name as 'to_table'
      ,fk.referenced_column_name as 'primary_key'
      ,fk.column_name as 'column'
      ,fk.constraint_name as 'name'
FROM information_schema.key_column_usage fk
WHERE fk.referenced_column_name is not null
  AND fk.table_schema = 'db/development.gserver'
  AND fk.table_name = 'grids'
[0m
  [1m[35m (0.1ms)[0m  SHOW CREATE TABLE `grids`
  [1m[36m (0.2ms)[0m  [1mSELECT fk.referenced_table_name as 'to_table'
      ,fk.referenced_column_name as 'primary_key'
      ,fk.column_name as 'column'
      ,fk.constraint_name as 'name'
FROM information_schema.key_column_usage fk
WHERE fk.referenced_column_name is not null
  AND fk.table_schema = 'db/development.gserver'
  AND fk.table_name = 'move_sequences'
[0m
  [1m[35m (0.1ms)[0m  SHOW CREATE TABLE `move_sequences`
  [1m[36m (0.2ms)[0m  [1mSELECT fk.referenced_table_name as 'to_table'
      ,fk.referenced_column_name as 'primary_key'
      ,fk.column_name as 'column'
      ,fk.constraint_name as 'name'
FROM information_schema.key_column_usage fk
WHERE fk.referenced_column_name is not null
  AND fk.table_schema = 'db/development.gserver'
  AND fk.table_name = 'players'
[0m
  [1m[35m (0.1ms)[0m  SHOW CREATE TABLE `players`
  [1m[36m (0.2ms)[0m  [1mSELECT fk.referenced_table_name as 'to_table'
      ,fk.referenced_column_name as 'primary_key'
      ,fk.column_name as 'column'
      ,fk.constraint_name as 'name'
FROM information_schema.key_column_usage fk
WHERE fk.referenced_column_name is not null
  AND fk.table_schema = 'db/development.gserver'
  AND fk.table_name = 'words'
[0m
  [1m[35m (0.1ms)[0m  SHOW CREATE TABLE `words`
  [1m[36mActiveRecord::SchemaMigration Load (3.7ms)[0m  [1mSELECT `schema_migrations`.* FROM `schema_migrations`[0m
  [1m[35mActiveRecord::SchemaMigration Load (0.3ms)[0m  SELECT `schema_migrations`.* FROM `schema_migrations`
  [1m[36m (2.7ms)[0m  [1mSELECT fk.referenced_table_name as 'to_table'
      ,fk.referenced_column_name as 'primary_key'
      ,fk.column_name as 'column'
      ,fk.constraint_name as 'name'
FROM information_schema.key_column_usage fk
WHERE fk.referenced_column_name is not null
  AND fk.table_schema = 'db/development.gserver'
  AND fk.table_name = 'games'
[0m
  [1m[35m (0.1ms)[0m  SHOW CREATE TABLE `games`
  [1m[36m (0.2ms)[0m  [1mSELECT fk.referenced_table_name as 'to_table'
      ,fk.referenced_column_name as 'primary_key'
      ,fk.column_name as 'column'
      ,fk.constraint_name as 'name'
FROM information_schema.key_column_usage fk
WHERE fk.referenced_column_name is not null
  AND fk.table_schema = 'db/development.gserver'
  AND fk.table_name = 'grids'
[0m
  [1m[35m (0.1ms)[0m  SHOW CREATE TABLE `grids`
  [1m[36m (0.2ms)[0m  [1mSELECT fk.referenced_table_name as 'to_table'
      ,fk.referenced_column_name as 'primary_key'
      ,fk.column_name as 'column'
      ,fk.constraint_name as 'name'
FROM information_schema.key_column_usage fk
WHERE fk.referenced_column_name is not null
  AND fk.table_schema = 'db/development.gserver'
  AND fk.table_name = 'move_sequences'
[0m
  [1m[35m (0.1ms)[0m  SHOW CREATE TABLE `move_sequences`
  [1m[36m (0.3ms)[0m  [1mSELECT fk.referenced_table_name as 'to_table'
      ,fk.referenced_column_name as 'primary_key'
      ,fk.column_name as 'column'
      ,fk.constraint_name as 'name'
FROM information_schema.key_column_usage fk
WHERE fk.referenced_column_name is not null
  AND fk.table_schema = 'db/development.gserver'
  AND fk.table_name = 'players'
[0m
  [1m[35m (0.2ms)[0m  SHOW CREATE TABLE `players`
  [1m[36m (0.2ms)[0m  [1mSELECT fk.referenced_table_name as 'to_table'
      ,fk.referenced_column_name as 'primary_key'
      ,fk.column_name as 'column'
      ,fk.constraint_name as 'name'
FROM information_schema.key_column_usage fk
WHERE fk.referenced_column_name is not null
  AND fk.table_schema = 'db/development.gserver'
  AND fk.table_name = 'words'
[0m
  [1m[35m (0.1ms)[0m  SHOW CREATE TABLE `words`
  [1m[36mActiveRecord::SchemaMigration Load (0.3ms)[0m  [1mSELECT `schema_migrations`.* FROM `schema_migrations`[0m
  [1m[35mActiveRecord::SchemaMigration Load (0.2ms)[0m  SELECT `schema_migrations`.* FROM `schema_migrations`
  [1m[36mActiveRecord::SchemaMigration Load (0.2ms)[0m  [1mSELECT `schema_migrations`.* FROM `schema_migrations`[0m
Migrating to CreateGrids (20161007051841)
  [1m[35m (6.9ms)[0m  DROP TABLE `grids`
  [1m[36mSQL (4.1ms)[0m  [1mDELETE FROM `schema_migrations` WHERE `schema_migrations`.`version` = '20161007051841'[0m
Migrating to CreateWords (20161007045004)
  [1m[35m (2.2ms)[0m  DROP TABLE `words`
  [1m[36mSQL (0.7ms)[0m  [1mDELETE FROM `schema_migrations` WHERE `schema_migrations`.`version` = '20161007045004'[0m
Migrating to CreateMoveSequences (20161007044053)
  [1m[35m (2.1ms)[0m  DROP TABLE `move_sequences`
  [1m[36mSQL (0.7ms)[0m  [1mDELETE FROM `schema_migrations` WHERE `schema_migrations`.`version` = '20161007044053'[0m
Migrating to CreatePlayers (20161007042002)
  [1m[35m (2.1ms)[0m  DROP TABLE `players`
  [1m[36mSQL (0.5ms)[0m  [1mDELETE FROM `schema_migrations` WHERE `schema_migrations`.`version` = '20161007042002'[0m
Migrating to CreateGames (20161007041952)
  [1m[35m (3.0ms)[0m  DROP TABLE `games`
  [1m[36mSQL (0.7ms)[0m  [1mDELETE FROM `schema_migrations` WHERE `schema_migrations`.`version` = '20161007041952'[0m
  [1m[35mActiveRecord::SchemaMigration Load (0.3ms)[0m  SELECT `schema_migrations`.* FROM `schema_migrations`
  [1m[36m (9.0ms)[0m  [1mDROP DATABASE IF EXISTS `db/development.gserver`[0m
  [1m[35m (0.4ms)[0m  DROP DATABASE IF EXISTS `db/test.gserver`
  [1m[36m (1.4ms)[0m  [1mCREATE DATABASE `db/development.gserver` DEFAULT CHARACTER SET `utf8` COLLATE `utf8_unicode_ci`[0m
  [1m[35m (0.3ms)[0m  CREATE DATABASE `db/test.gserver` DEFAULT CHARACTER SET `utf8` COLLATE `utf8_unicode_ci`
  [1m[36m (30.3ms)[0m  [1mCREATE TABLE `schema_migrations` (`version` varchar(255) NOT NULL) ENGINE=InnoDB[0m
  [1m[35m (28.2ms)[0m  CREATE UNIQUE INDEX `unique_schema_migrations`  ON `schema_migrations` (`version`) 
  [1m[36m (0.3ms)[0m  [1mSELECT version FROM `schema_migrations`[0m
  [1m[35m (1.2ms)[0m  INSERT INTO `schema_migrations` (version) VALUES ('0')
  [1m[36m (27.9ms)[0m  [1mCREATE TABLE `schema_migrations` (`version` varchar(255) NOT NULL) ENGINE=InnoDB[0m
  [1m[35m (21.7ms)[0m  CREATE UNIQUE INDEX `unique_schema_migrations`  ON `schema_migrations` (`version`) 
  [1m[36m (0.3ms)[0m  [1mSELECT version FROM `schema_migrations`[0m
  [1m[35m (0.4ms)[0m  INSERT INTO `schema_migrations` (version) VALUES ('0')
  [1m[36mActiveRecord::SchemaMigration Load (0.2ms)[0m  [1mSELECT `schema_migrations`.* FROM `schema_migrations`[0m
  [1m[36m (17.3ms)[0m  [1mCREATE TABLE `schema_migrations` (`version` varchar(255) NOT NULL) ENGINE=InnoDB[0m
  [1m[35m (17.6ms)[0m  CREATE UNIQUE INDEX `unique_schema_migrations`  ON `schema_migrations` (`version`) 
  [1m[36mActiveRecord::SchemaMigration Load (0.2ms)[0m  [1mSELECT `schema_migrations`.* FROM `schema_migrations`[0m
  [1m[36mActiveRecord::SchemaMigration Load (0.2ms)[0m  [1mSELECT `schema_migrations`.* FROM `schema_migrations`[0m
Migrating to CreateGames (20161007041952)
  [1m[35m (19.2ms)[0m  CREATE TABLE `games` (`id` int(11) auto_increment PRIMARY KEY, `created_at` datetime NOT NULL, `updated_at` datetime NOT NULL, `gameid` varchar(255) NOT NULL) ENGINE=InnoDB
  [1m[36m (0.4ms)[0m  [1mBEGIN[0m
  [1m[35mSQL (0.3ms)[0m  INSERT INTO `schema_migrations` (`version`) VALUES ('20161007041952')
  [1m[36m (0.4ms)[0m  [1mCOMMIT[0m
Migrating to CreatePlayers (20161007042002)
  [1m[35m (11.2ms)[0m  CREATE TABLE `players` (`id` int(11) auto_increment PRIMARY KEY, `created_at` datetime NOT NULL, `updated_at` datetime NOT NULL, `playerid` varchar(255) NOT NULL, `points` float DEFAULT 0.0 NOT NULL, `admin` tinyint(1) DEFAULT 0 NOT NULL, `game_id` int(11)) ENGINE=InnoDB
  [1m[36m (19.3ms)[0m  [1mALTER TABLE `players` ADD CONSTRAINT `fk_rails_d71756309d`
FOREIGN KEY (`game_id`)
  REFERENCES `games` (`id`)
[0m
  [1m[35m (0.2ms)[0m  BEGIN
  [1m[36mSQL (0.3ms)[0m  [1mINSERT INTO `schema_migrations` (`version`) VALUES ('20161007042002')[0m
  [1m[35m (2.9ms)[0m  COMMIT
Migrating to CreateMoveSequences (20161007044053)
  [1m[36m (9.7ms)[0m  [1mCREATE TABLE `move_sequences` (`id` int(11) auto_increment PRIMARY KEY, `created_at` datetime NOT NULL, `updated_at` datetime NOT NULL, `score` float DEFAULT 0.0 NOT NULL, `word` varchar(255), `player_id` int(11), `game_id` int(11)) ENGINE=InnoDB[0m
  [1m[35m (12.8ms)[0m  ALTER TABLE `move_sequences` ADD CONSTRAINT `fk_rails_ec6b5e00d6`
FOREIGN KEY (`player_id`)
  REFERENCES `players` (`id`)

  [1m[36m (24.3ms)[0m  [1mALTER TABLE `move_sequences` ADD CONSTRAINT `fk_rails_4d3b3ef5dd`
FOREIGN KEY (`game_id`)
  REFERENCES `games` (`id`)
[0m
  [1m[35m (0.1ms)[0m  BEGIN
  [1m[36mSQL (0.2ms)[0m  [1mINSERT INTO `schema_migrations` (`version`) VALUES ('20161007044053')[0m
  [1m[35m (0.4ms)[0m  COMMIT
Migrating to CreateWords (20161007045004)
  [1m[36m (18.8ms)[0m  [1mCREATE TABLE `words` (`id` int(11) auto_increment PRIMARY KEY, `created_at` datetime NOT NULL, `updated_at` datetime NOT NULL, `word` varchar(255) NOT NULL, `grid_id` int(11)) ENGINE=InnoDB[0m
  [1m[35m (13.7ms)[0m  ALTER TABLE `words` ADD CONSTRAINT `fk_rails_08e94ee5bd`
FOREIGN KEY (`grid_id`)
  REFERENCES `grids` (`id`)

  [1m[36mActiveRecord::SchemaMigration Load (0.2ms)[0m  [1mSELECT `schema_migrations`.* FROM `schema_migrations`[0m
Migrating to CreateWords (20161007045004)
  [1m[35m (0.6ms)[0m  CREATE TABLE `words` (`id` int(11) auto_increment PRIMARY KEY, `created_at` datetime NOT NULL, `updated_at` datetime NOT NULL, `word` varchar(255) NOT NULL, `grid_id` int(11)) ENGINE=InnoDB
  [1m[36mActiveRecord::SchemaMigration Load (0.3ms)[0m  [1mSELECT `schema_migrations`.* FROM `schema_migrations`[0m
Migrating to CreateWords (20161007045004)
  [1m[35m (27.4ms)[0m  CREATE TABLE `words` (`id` int(11) auto_increment PRIMARY KEY, `created_at` datetime NOT NULL, `updated_at` datetime NOT NULL, `word` varchar(255) NOT NULL, `grid_id` int(11)) ENGINE=InnoDB
  [1m[36m (12.1ms)[0m  [1mALTER TABLE `words` ADD CONSTRAINT `fk_rails_08e94ee5bd`
FOREIGN KEY (`grid_id`)
  REFERENCES `grids` (`id`)
[0m
  [1m[36mActiveRecord::SchemaMigration Load (0.3ms)[0m  [1mSELECT `schema_migrations`.* FROM `schema_migrations`[0m
Migrating to CreateWords (20161007045004)
  [1m[35m (0.7ms)[0m  CREATE TABLE `words` (`id` int(11) auto_increment PRIMARY KEY, `created_at` datetime NOT NULL, `updated_at` datetime NOT NULL, `word` varchar(255) NOT NULL) ENGINE=InnoDB
  [1m[36mActiveRecord::SchemaMigration Load (0.3ms)[0m  [1mSELECT `schema_migrations`.* FROM `schema_migrations`[0m
Migrating to CreateWords (20161007045004)
  [1m[35m (39.1ms)[0m  CREATE TABLE `words` (`id` int(11) auto_increment PRIMARY KEY, `created_at` datetime NOT NULL, `updated_at` datetime NOT NULL, `word` varchar(255) NOT NULL) ENGINE=InnoDB
  [1m[36m (0.2ms)[0m  [1mBEGIN[0m
  [1m[35mSQL (0.4ms)[0m  INSERT INTO `schema_migrations` (`version`) VALUES ('20161007045004')
  [1m[36m (0.6ms)[0m  [1mCOMMIT[0m
Migrating to CreateGrids (20161007051841)
  [1m[35m (10.6ms)[0m  CREATE TABLE `grids` (`id` int(11) auto_increment PRIMARY KEY, `created_at` datetime NOT NULL, `updated_at` datetime NOT NULL, `game_id` int(11), `text` text NOT NULL) ENGINE=InnoDB
  [1m[36m (14.7ms)[0m  [1mALTER TABLE `grids` ADD CONSTRAINT `fk_rails_b42e42914d`
FOREIGN KEY (`game_id`)
  REFERENCES `games` (`id`)
[0m
  [1m[35m (0.1ms)[0m  BEGIN
  [1m[36mSQL (0.3ms)[0m  [1mINSERT INTO `schema_migrations` (`version`) VALUES ('20161007051841')[0m
  [1m[35m (0.3ms)[0m  COMMIT
  [1m[36mActiveRecord::SchemaMigration Load (0.2ms)[0m  [1mSELECT `schema_migrations`.* FROM `schema_migrations`[0m
  [1m[35m (0.4ms)[0m  SELECT fk.referenced_table_name as 'to_table'
      ,fk.referenced_column_name as 'primary_key'
      ,fk.column_name as 'column'
      ,fk.constraint_name as 'name'
FROM information_schema.key_column_usage fk
WHERE fk.referenced_column_name is not null
  AND fk.table_schema = 'db/development.gserver'
  AND fk.table_name = 'games'

  [1m[36m (0.1ms)[0m  [1mSHOW CREATE TABLE `games`[0m
  [1m[35m (0.2ms)[0m  SELECT fk.referenced_table_name as 'to_table'
      ,fk.referenced_column_name as 'primary_key'
      ,fk.column_name as 'column'
      ,fk.constraint_name as 'name'
FROM information_schema.key_column_usage fk
WHERE fk.referenced_column_name is not null
  AND fk.table_schema = 'db/development.gserver'
  AND fk.table_name = 'grids'

  [1m[36m (0.1ms)[0m  [1mSHOW CREATE TABLE `grids`[0m
  [1m[35m (0.2ms)[0m  SELECT fk.referenced_table_name as 'to_table'
      ,fk.referenced_column_name as 'primary_key'
      ,fk.column_name as 'column'
      ,fk.constraint_name as 'name'
FROM information_schema.key_column_usage fk
WHERE fk.referenced_column_name is not null
  AND fk.table_schema = 'db/development.gserver'
  AND fk.table_name = 'move_sequences'

  [1m[36m (0.2ms)[0m  [1mSHOW CREATE TABLE `move_sequences`[0m
  [1m[35m (0.3ms)[0m  SELECT fk.referenced_table_name as 'to_table'
      ,fk.referenced_column_name as 'primary_key'
      ,fk.column_name as 'column'
      ,fk.constraint_name as 'name'
FROM information_schema.key_column_usage fk
WHERE fk.referenced_column_name is not null
  AND fk.table_schema = 'db/development.gserver'
  AND fk.table_name = 'players'

  [1m[36m (0.2ms)[0m  [1mSHOW CREATE TABLE `players`[0m
  [1m[35m (0.2ms)[0m  SELECT fk.referenced_table_name as 'to_table'
      ,fk.referenced_column_name as 'primary_key'
      ,fk.column_name as 'column'
      ,fk.constraint_name as 'name'
FROM information_schema.key_column_usage fk
WHERE fk.referenced_column_name is not null
  AND fk.table_schema = 'db/development.gserver'
  AND fk.table_name = 'words'

  [1m[36m (0.1ms)[0m  [1mSHOW CREATE TABLE `words`[0m
  [1m[36mActiveRecord::SchemaMigration Load (0.3ms)[0m  [1mSELECT `schema_migrations`.* FROM `schema_migrations`[0m
Migrating to WordsGridForeignkey (20161014193007)
  [1m[35m (0.7ms)[0m  ALTER TABLE `words` ADD CONSTRAINT `fk_rails_08e94ee5bd`
FOREIGN KEY (`grid_id`)
  REFERENCES `grids` (`id`)

  [1m[36mActiveRecord::SchemaMigration Load (0.2ms)[0m  [1mSELECT `schema_migrations`.* FROM `schema_migrations`[0m
Migrating to WordsGridForeignkey (20161014193007)
  [1m[35m (39.6ms)[0m  ALTER TABLE `words` ADD `grid_id` int(11)
  [1m[36m (33.9ms)[0m  [1mALTER TABLE `words` ADD CONSTRAINT `fk_rails_08e94ee5bd`
FOREIGN KEY (`grid_id`)
  REFERENCES `grids` (`id`)
[0m
  [1m[35m (0.1ms)[0m  BEGIN
  [1m[36mSQL (0.2ms)[0m  [1mINSERT INTO `schema_migrations` (`version`) VALUES ('20161014193007')[0m
  [1m[35m (0.2ms)[0m  COMMIT
  [1m[36mActiveRecord::SchemaMigration Load (0.2ms)[0m  [1mSELECT `schema_migrations`.* FROM `schema_migrations`[0m
  [1m[35m (0.3ms)[0m  SELECT fk.referenced_table_name as 'to_table'
      ,fk.referenced_column_name as 'primary_key'
      ,fk.column_name as 'column'
      ,fk.constraint_name as 'name'
FROM information_schema.key_column_usage fk
WHERE fk.referenced_column_name is not null
  AND fk.table_schema = 'db/development.gserver'
  AND fk.table_name = 'games'

  [1m[36m (0.2ms)[0m  [1mSHOW CREATE TABLE `games`[0m
  [1m[35m (0.3ms)[0m  SELECT fk.referenced_table_name as 'to_table'
      ,fk.referenced_column_name as 'primary_key'
      ,fk.column_name as 'column'
      ,fk.constraint_name as 'name'
FROM information_schema.key_column_usage fk
WHERE fk.referenced_column_name is not null
  AND fk.table_schema = 'db/development.gserver'
  AND fk.table_name = 'grids'

  [1m[36m (0.3ms)[0m  [1mSHOW CREATE TABLE `grids`[0m
  [1m[35m (0.3ms)[0m  SELECT fk.referenced_table_name as 'to_table'
      ,fk.referenced_column_name as 'primary_key'
      ,fk.column_name as 'column'
      ,fk.constraint_name as 'name'
FROM information_schema.key_column_usage fk
WHERE fk.referenced_column_name is not null
  AND fk.table_schema = 'db/development.gserver'
  AND fk.table_name = 'move_sequences'

  [1m[36m (0.2ms)[0m  [1mSHOW CREATE TABLE `move_sequences`[0m
  [1m[35m (0.3ms)[0m  SELECT fk.referenced_table_name as 'to_table'
      ,fk.referenced_column_name as 'primary_key'
      ,fk.column_name as 'column'
      ,fk.constraint_name as 'name'
FROM information_schema.key_column_usage fk
WHERE fk.referenced_column_name is not null
  AND fk.table_schema = 'db/development.gserver'
  AND fk.table_name = 'players'

  [1m[36m (0.2ms)[0m  [1mSHOW CREATE TABLE `players`[0m
  [1m[35m (0.3ms)[0m  SELECT fk.referenced_table_name as 'to_table'
      ,fk.referenced_column_name as 'primary_key'
      ,fk.column_name as 'column'
      ,fk.constraint_name as 'name'
FROM information_schema.key_column_usage fk
WHERE fk.referenced_column_name is not null
  AND fk.table_schema = 'db/development.gserver'
  AND fk.table_name = 'words'

  [1m[36m (0.2ms)[0m  [1mSHOW CREATE TABLE `words`[0m
